make all --print-data-base --no-builtin-variables --no-builtin-rules --question
# GNU Make 4.2.1
# Built for x86_64-pc-linux-gnu
# Copyright (C) 1988-2016 Free Software Foundation, Inc.
# License GPLv3+: GNU GPL version 3 or later <http://gnu.org/licenses/gpl.html>
# This is free software: you are free to change and redistribute it.
# There is NO WARRANTY, to the extent permitted by law.

# Make data base, printed on Fri Jun  3 14:05:16 2022

# Variables

# automatic
<D = $(patsubst %/,%,$(dir $<))
# automatic
?F = $(notdir $?)
# environment
DESKTOP_SESSION = mate
# environment
OPAM_SWITCH_PREFIX = /applications/opam/ocaml-base-compiler
# default
.SHELLFLAGS := -c
# environment
OCAML_TOPLEVEL_PATH = /applications/opam/ocaml-base-compiler/lib/toplevel
# environment
XDG_SESSION_CLASS = user
# environment
XDG_SESSION_TYPE = x11
# environment
VSCODE_LOG_NATIVE = false
# environment
MODULEPATH = /etc/lmod/modules:/usr/share/lmod/lmod/modulefiles/
# environment
LMOD_PREPEND_BLOCK = normal
# automatic
?D = $(patsubst %/,%,$(dir $?))
# automatic
@D = $(patsubst %/,%,$(dir $@))
# environment
XAUTHORITY = /home/dgurnari/.Xauthority
# environment
GDMSESSION = mate
# environment
XMODIFIERS = @im=ibus
# makefile
CURDIR := /home/dgurnari/Annee_2/Archi OS/Projet
# makefile
SHELL = /bin/sh
# environment
LMOD_DIR = /usr/share/lmod/lmod/libexec
# environment
VSCODE_NLS_CONFIG = {"locale":"fr","availableLanguages":{"*":"fr"},"_languagePackId":"25fe6a3290ec415596628d4afc87a88c.fr","_translationsConfigFile":"/home/dgurnari/.config/Code/clp/25fe6a3290ec415596628d4afc87a88c.fr/tcf.json","_cacheRoot":"/home/dgurnari/.config/Code/clp/25fe6a3290ec415596628d4afc87a88c.fr","_resolvedLanguagePackCoreLocation":"/home/dgurnari/.config/Code/clp/25fe6a3290ec415596628d4afc87a88c.fr/57fd6d0195bb9b9d1b49f6da5db789060795de47","_corruptedFile":"/home/dgurnari/.config/Code/clp/25fe6a3290ec415596628d4afc87a88c.fr/corrupted.info","_languagePackSupport":true}
# environment
_ = /usr/share/code/code
# environment
QT_AUTO_SCREEN_SCALE_FACTOR = 0
# environment
XDG_CONFIG_DIRS = /etc/xdg/xdg-mate:/etc/xdg
# environment
GTK_OVERLAY_SCROLLING = 0
# makefile
MAKEFILE_LIST := 
# automatic
@F = $(notdir $@)
# 'override' directive
GNUMAKEFLAGS := 
# environment
MANDATORY_PATH = /usr/share/gconf/mate.mandatory.path
# environment
XDG_DATA_DIRS = /usr/share/mate:/usr/local/share:/usr/share:/var/lib/snapd/desktop
# environment
LMOD_COLORIZE = yes
# environment
DBUS_SESSION_BUS_ADDRESS = unix:path=/run/user/48059/bus
# environment
VSCODE_VERBOSE_LOGGING = true
# environment
QT_SCALE_FACTOR = 1
# environment
CLUTTER_IM_MODULE = ibus
# environment
VSCODE_IPC_HOOK_EXTHOST = /run/user/48059/vscode-ipc-6587b61b-fbfa-45c0-85e0-becdeaec1736.sock
# environment
VSCODE_CWD = /home/dgurnari
# environment
XDG_SESSION_PATH = /org/freedesktop/DisplayManager/Session8
# default
MAKE_HOST := x86_64-pc-linux-gnu
# environment
PATH = /mnt/n7fs/ens/tp_dh/eclipse:/mnt/n7fs/ens/tp_dh/jdk1.8.0_45/bin:/applications/opam/ocaml-base-compiler/bin:/usr/local/sbin:/usr/local/bin:/usr/sbin:/usr/bin:/sbin:/bin:/usr/games:/usr/local/games:/snap/bin
# environment
LMOD_CMD = /usr/share/lmod/lmod/libexec/lmod
# environment
GPG_AGENT_INFO = /run/user/48059/gnupg/S.gpg-agent:0:1
# environment
BASH_ENV = /usr/share/lmod/lmod/init/bash
# environment
SESSION_MANAGER = local/bilbo.enseeiht.fr:@/tmp/.ICE-unix/1426008,unix/bilbo.enseeiht.fr:/tmp/.ICE-unix/1426008
# environment
XDG_RUNTIME_DIR = /run/user/48059
# environment
UBUNTU_MENUPROXY = 1
# environment
VSCODE_LOG_STACK = false
# environment
ELECTRON_RUN_AS_NODE = 1
# environment
LMOD_VERSION = 6.6
# default
.FEATURES := target-specific order-only second-expansion else-if shortest-stem undefine oneshell archives jobserver output-sync check-symlink load
# environment
XDG_GREETER_DATA_DIR = /var/lib/lightdm-data/dgurnari
# environment
XDG_SESSION_DESKTOP = mate
# environment
SSH_AUTH_SOCK = /run/user/48059/keyring/ssh
# environment
GIO_LAUNCHED_DESKTOP_FILE_PID = 1426847
# automatic
%F = $(notdir $%)
# environment
DISPLAY = :0
# environment
GTK_IM_MODULE = ibus
# environment
VSCODE_PIPE_LOGGING = true
# environment
PWD = /home/dgurnari/Annee_2/Archi OS/Projet
# environment
QT_QPA_PLATFORMTHEME = gtk2
# default
.LOADED := 
# environment
XDG_SEAT = seat0
# environment
SSH_AGENT_PID = 1426084
# environment
PKG_CONFIG_PATH = /applications/opam/ocaml-base-compiler/lib/pkgconfig:
# environment
ORIGINAL_XDG_CURRENT_DESKTOP = MATE
# environment
GTK_MODULES = appmenu-gtk-module:gail:atk-bridge:canberra-gtk-module:appmenu-gtk-module
# environment
MANPATH = /usr/share/lmod/lmod/share/man:::/applications/opam/ocaml-base-compiler/man
# environment
VSCODE_AMD_ENTRYPOINT = vs/workbench/api/node/extensionHostProcess
# environment
HOME = /home/dgurnari
# environment
VSCODE_CODE_CACHE_PATH = /home/dgurnari/.config/Code/CachedData/57fd6d0195bb9b9d1b49f6da5db789060795de47
# environment
LOGNAME = dgurnari
# environment
APPLICATION_INSIGHTS_NO_DIAGNOSTIC_CHANNEL = 1
# environment
VSCODE_HANDLES_UNCAUGHT_ERRORS = true
# default
MAKE_VERSION := 4.2.1
# environment
LMOD_sys = Linux
# automatic
^D = $(patsubst %/,%,$(dir $^))
# environment
XDG_VTNR = 7
# environment
MAKELEVEL := 0
# default
MAKE = $(MAKE_COMMAND)
# default
MAKECMDGOALS := all
# environment
QT_IM_MODULE = ibus
# environment
SHLVL = 0
# environment
JAVA_HOME = /mnt/n7fs/ens/tp_dh/jdk1.8.0_45
# environment
COMPIZ_CONFIG_PROFILE = mate
# environment
XDG_SESSION_ID = c36
# environment
USER = dgurnari
# environment
CAML_LD_LIBRARY_PATH = /applications/opam/ocaml-base-compiler/lib/stublibs:/applications/opam/ocaml-base-compiler/lib/ocaml/stublibs:/applications/opam/ocaml-base-compiler/lib/ocaml
# makefile
.DEFAULT_GOAL := 
# environment
XDG_CURRENT_DESKTOP = MATE
# environment
LMOD_SETTARG_CMD = :
# automatic
%D = $(patsubst %/,%,$(dir $%))
# environment
MODULEPATH_ROOT = /usr/modulefiles
# default
MAKE_COMMAND := make
# default
.VARIABLES := 
# automatic
*F = $(notdir $*)
# environment
XDG_SEAT_PATH = /org/freedesktop/DisplayManager/Seat0
# environment
VSCODE_IPC_HOOK = /run/user/48059/vscode-23440f6b-1.67.0-main.sock
# default
.INCLUDE_DIRS = /usr/include /usr/local/include /usr/include
# makefile
MAKEFLAGS = pqrR
# environment
MFLAGS = -pqrR
# automatic
*D = $(patsubst %/,%,$(dir $*))
# automatic
+D = $(patsubst %/,%,$(dir $+))
# environment
GDK_BACKEND = x11
# environment
MODULESHOME = /usr/share/lmod/lmod
# automatic
+F = $(notdir $+)
# environment
LMOD_PKG = /usr/share/lmod/lmod
# environment
QT_ACCESSIBILITY = 1
# environment
DEFAULTS_PATH = /usr/share/gconf/mate.default.path
# default
MAKEFILES := 
# automatic
<F = $(notdir $<)
# environment
PS1 = [\A] \[\]\[\033[38;5;2m\]\u\[\]@\h:\[\]\[\033[38;5;12m\]\w\[\]\$\[\] 
# environment
LC_ALL = C
# environment
QT4_IM_MODULE = ibus
# automatic
^F = $(notdir $^)
# default
SUFFIXES := 
# environment
CHROME_DESKTOP = code-url-handler.desktop
# environment
MATE_DESKTOP_SESSION_ID = this-is-deprecated
# environment
LMOD_FULL_SETTARG_SUPPORT = no
# environment
LMOD_arch = x86_64
# default
.RECIPEPREFIX := 
# environment
XIL_CG_LOAD_ALL_FAMILIES = TRUE
# environment
LANG = C
# environment
VSCODE_PID = 1426847
# variable set hash-table stats:
# Load=122/1024=12%, Rehash=0, Collisions=22/144=15%

# Pattern-specific Variable Values

# No pattern-specific variable values.

# Directories

# . (device 67, inode 105581517): 7 files, no impossibilities.

# 7 files, no impossibilities in 1 directories.

# Implicit Rules

# No implicit rules.

# Files

# Not a target:
all:
#  Command line target.
#  Implicit rule search has been done.
 
make: *** No rule to make target 'all'.  Stop.

#  File does not exist.
#  File has not been updated.

# Not a target:
Makefile:
#  Implicit rule search has been done.
#  File does not exist.
#  File has been updated.
#  Failed to be updated.

# Not a target:
makefile:
#  Implicit rule search has been done.
#  File does not exist.
#  File has been updated.
#  Failed to be updated.

# Not a target:
.DEFAULT:
#  Implicit rule search has not been done.
#  Modification time never checked.
#  File has not been updated.

# Not a target:
GNUmakefile:
#  Implicit rule search has been done.
#  File does not exist.
#  File has been updated.
#  Failed to be updated.

# files hash-table stats:
# Load=6/1024=1%, Rehash=0, Collisions=0/15=0%
# VPATH Search Paths

# No 'vpath' search paths.

# No general ('VPATH' variable) search path.

# strcache buffers: 1 (0) / strings = 15 / storage = 122 B / avg = 8 B
# current buf: size = 8162 B / used = 122 B / count = 15 / avg = 8 B

# strcache performance: lookups = 18 / hit rate = 16%
# hash-table stats:
# Load=15/8192=0%, Rehash=0, Collisions=1/18=6%
# Finished Make data base on Fri Jun  3 14:05:16 2022

 
